# JRE version: OpenJDK Runtime Environment (8.0_242-b01) (build 1.8.0_242-release-1644-b01)
# Java VM: OpenJDK 64-Bit Server VM (25.242-b01 mixed mode windows-amd64 compressed oops)
Heap:
 PSYoungGen      total 82944K, used 34027K [0x00000000d5580000, 0x00000000dcd80000, 0x0000000100000000)
  eden space 74752K, 34% used [0x00000000d5580000,0x00000000d6f09b20,0x00000000d9e80000)
  from space 8192K, 96% used [0x00000000daf80000,0x00000000db7311a0,0x00000000db780000)
  to   space 15360K, 0% used [0x00000000dbe80000,0x00000000dbe80000,0x00000000dcd80000)
 ParOldGen       total 81920K, used 34228K [0x0000000080000000, 0x0000000085000000, 0x00000000d5580000)
  object space 81920K, 41% used [0x0000000080000000,0x000000008216d298,0x0000000085000000)
 Metaspace       used 61757K, capacity 64096K, committed 64176K, reserved 1103872K
  class space    used 8286K, capacity 8818K, committed 8880K, reserved 1048576K
GC Heap History (10 events):
Event: 728.827 GC heap before
{Heap before GC invocations=26 (full 2):
 PSYoungGen      total 89600K, used 89568K [0x00000000d5580000, 0x00000000dd580000, 0x0000000100000000)
  eden space 84992K, 100% used [0x00000000d5580000,0x00000000da880000,0x00000000da880000)
  from space 4608K, 99% used [0x00000000dc980000,0x00000000dcdf83d0,0x00000000dce00000)
  to   space 7680K, 0% used [0x00000000dce00000,0x00000000dce00000,0x00000000dd580000)
 ParOldGen       total 55296K, used 28634K [0x0000000080000000, 0x0000000083600000, 0x00000000d5580000)
  object space 55296K, 51% used [0x0000000080000000,0x0000000081bf6960,0x0000000083600000)
 Metaspace       used 40635K, capacity 41978K, committed 42160K, reserved 1085440K
  class space    used 5420K, capacity 5738K, committed 5808K, reserved 1048576K
Event: 728.860 GC heap after
Heap after GC invocations=26 (full 2):
 PSYoungGen      total 90112K, used 7323K [0x00000000d5580000, 0x00000000dd580000, 0x0000000100000000)
  eden space 82432K, 0% used [0x00000000d5580000,0x00000000d5580000,0x00000000da600000)
  from space 7680K, 95% used [0x00000000dce00000,0x00000000dd526d40,0x00000000dd580000)
  to   space 8704K, 0% used [0x00000000dc480000,0x00000000dc480000,0x00000000dcd00000)
 ParOldGen       total 55296K, used 31990K [0x0000000080000000, 0x0000000083600000, 0x00000000d5580000)
  object space 55296K, 57% used [0x0000000080000000,0x0000000081f3d970,0x0000000083600000)
 Metaspace       used 40635K, capacity 41978K, committed 42160K, reserved 1085440K
  class space    used 5420K, capacity 5738K, committed 5808K, reserved 1048576K
}
Event: 862.864 GC heap before
{Heap before GC invocations=27 (full 2):
 PSYoungGen      total 90112K, used 89755K [0x00000000d5580000, 0x00000000dd580000, 0x0000000100000000)
  eden space 82432K, 100% used [0x00000000d5580000,0x00000000da600000,0x00000000da600000)
  from space 7680K, 95% used [0x00000000dce00000,0x00000000dd526d40,0x00000000dd580000)
  to   space 8704K, 0% used [0x00000000dc480000,0x00000000dc480000,0x00000000dcd00000)
 ParOldGen       total 55296K, used 31990K [0x0000000080000000, 0x0000000083600000, 0x00000000d5580000)
  object space 55296K, 57% used [0x0000000080000000,0x0000000081f3d970,0x0000000083600000)
 Metaspace       used 47987K, capacity 49778K, committed 49840K, reserved 1091584K
  class space    used 6356K, capacity 6816K, committed 6832K, reserved 1048576K
Event: 863.103 GC heap after
Heap after GC invocations=27 (full 2):
 PSYoungGen      total 88576K, used 8691K [0x00000000d5580000, 0x00000000dce80000, 0x0000000100000000)
  eden space 79872K, 0% used [0x00000000d5580000,0x00000000d5580000,0x00000000da380000)
  from space 8704K, 99% used [0x00000000dc480000,0x00000000dccfcfc8,0x00000000dcd00000)
  to   space 1536K, 0% used [0x00000000dcd00000,0x00000000dcd00000,0x00000000dce80000)
 ParOldGen       total 55296K, used 38065K [0x0000000080000000, 0x0000000083600000, 0x00000000d5580000)
  object space 55296K, 68% used [0x0000000080000000,0x000000008252c680,0x0000000083600000)
 Metaspace       used 47987K, capacity 49778K, committed 49840K, reserved 1091584K
  class space    used 6356K, capacity 6816K, committed 6832K, reserved 1048576K
}
Event: 907.620 GC heap before
{Heap before GC invocations=28 (full 2):
 PSYoungGen      total 88576K, used 88563K [0x00000000d5580000, 0x00000000dce80000, 0x0000000100000000)
  eden space 79872K, 100% used [0x00000000d5580000,0x00000000da380000,0x00000000da380000)
  from space 8704K, 99% used [0x00000000dc480000,0x00000000dccfcfc8,0x00000000dcd00000)
  to   space 1536K, 0% used [0x00000000dcd00000,0x00000000dcd00000,0x00000000dce80000)
 ParOldGen       total 55296K, used 38065K [0x0000000080000000, 0x0000000083600000, 0x00000000d5580000)
  object space 55296K, 68% used [0x0000000080000000,0x000000008252c680,0x0000000083600000)
 Metaspace       used 54474K, capacity 56510K, committed 56880K, reserved 1097728K
  class space    used 7141K, capacity 7615K, committed 7728K, reserved 1048576K
Event: 907.702 GC heap after
Heap after GC invocations=28 (full 2):
 PSYoungGen      total 78848K, used 1536K [0x00000000d5580000, 0x00000000dce80000, 0x0000000100000000)
  eden space 77312K, 0% used [0x00000000d5580000,0x00000000d5580000,0x00000000da100000)
  from space 1536K, 100% used [0x00000000dcd00000,0x00000000dce80000,0x00000000dce80000)
  to   space 15872K, 0% used [0x00000000daf80000,0x00000000daf80000,0x00000000dbf00000)
 ParOldGen       total 55296K, used 52930K [0x0000000080000000, 0x0000000083600000, 0x00000000d5580000)
  object space 55296K, 95% used [0x0000000080000000,0x00000000833b0bf8,0x0000000083600000)
 Metaspace       used 54474K, capacity 56510K, committed 56880K, reserved 1097728K
  class space    used 7141K, capacity 7615K, committed 7728K, reserved 1048576K
}
Event: 907.702 GC heap before
{Heap before GC invocations=29 (full 3):
 PSYoungGen      total 78848K, used 1536K [0x00000000d5580000, 0x00000000dce80000, 0x0000000100000000)
  eden space 77312K, 0% used [0x00000000d5580000,0x00000000d5580000,0x00000000da100000)
  from space 1536K, 100% used [0x00000000dcd00000,0x00000000dce80000,0x00000000dce80000)
  to   space 15872K, 0% used [0x00000000daf80000,0x00000000daf80000,0x00000000dbf00000)
 ParOldGen       total 55296K, used 52930K [0x0000000080000000, 0x0000000083600000, 0x00000000d5580000)
  object space 55296K, 95% used [0x0000000080000000,0x00000000833b0bf8,0x0000000083600000)
 Metaspace       used 54474K, capacity 56510K, committed 56880K, reserved 1097728K
  class space    used 7141K, capacity 7615K, committed 7728K, reserved 1048576K
Event: 909.009 GC heap after
Heap after GC invocations=29 (full 3):
 PSYoungGen      total 78848K, used 0K [0x00000000d5580000, 0x00000000dce80000, 0x0000000100000000)
  eden space 77312K, 0% used [0x00000000d5580000,0x00000000d5580000,0x00000000da100000)
  from space 1536K, 0% used [0x00000000dcd00000,0x00000000dcd00000,0x00000000dce80000)
  to   space 15872K, 0% used [0x00000000daf80000,0x00000000daf80000,0x00000000dbf00000)
 ParOldGen       total 81920K, used 34220K [0x0000000080000000, 0x0000000085000000, 0x00000000d5580000)
  object space 81920K, 41% used [0x0000000080000000,0x000000008216b298,0x0000000085000000)
 Metaspace       used 54414K, capacity 56362K, committed 56880K, reserved 1097728K
  class space    used 7125K, capacity 7595K, committed 7728K, reserved 1048576K
}
Event: 941.722 GC heap before
{Heap before GC invocations=30 (full 3):
 PSYoungGen      total 78848K, used 77312K [0x00000000d5580000, 0x00000000dce80000, 0x0000000100000000)
  eden space 77312K, 100% used [0x00000000d5580000,0x00000000da100000,0x00000000da100000)
  from space 1536K, 0% used [0x00000000dcd00000,0x00000000dcd00000,0x00000000dce80000)
  to   space 15872K, 0% used [0x00000000daf80000,0x00000000daf80000,0x00000000dbf00000)
 ParOldGen       total 81920K, used 34220K [0x0000000080000000, 0x0000000085000000, 0x00000000d5580000)
  object space 81920K, 41% used [0x0000000080000000,0x000000008216b298,0x0000000085000000)
 Metaspace       used 59795K, capacity 61974K, committed 62128K, reserved 1103872K
  class space    used 7999K, capacity 8563K, committed 8624K, reserved 1048576K
Event: 942.078 GC heap after
Heap after GC invocations=30 (full 3):
 PSYoungGen      total 82944K, used 7876K [0x00000000d5580000, 0x00000000dcd80000, 0x0000000100000000)
  eden space 74752K, 0% used [0x00000000d5580000,0x00000000d5580000,0x00000000d9e80000)
  from space 8192K, 96% used [0x00000000daf80000,0x00000000db7311a0,0x00000000db780000)
  to   space 15360K, 0% used [0x00000000dbe80000,0x00000000dbe80000,0x00000000dcd80000)
 ParOldGen       total 81920K, used 34228K [0x0000000080000000, 0x0000000085000000, 0x00000000d5580000)
  object space 81920K, 41% used [0x0000000080000000,0x000000008216d298,0x0000000085000000)
 Metaspace       used 59795K, capacity 61974K, committed 62128K, reserved 1103872K
  class space    used 7999K, capacity 8563K, committed 8624K, reserved 1048576K
}

